2021-07-10 10:58:29,995 [Worker-0: Loading available Gradle versions] INFO  o.e.b.c.i.u.g.PublishedGradleVersions - Gradle version information cache is out-of-date. Trying to update.
2021-07-10 11:07:19,537 [Worker-7: Creating project "MyProject"] INFO  o.e.m.c.i.l.LifecycleMappingFactory - Using org.eclipse.m2e.jdt.JarLifecycleMapping lifecycle mapping for MavenProject: com.testing:MyProject:0.0.1-SNAPSHOT @ C:\Users\Bhargava G\Desktop\TestNG\MyProject\pom.xml.
2021-07-10 11:07:22,279 [Worker-7: Creating project "MyProject"] INFO  o.e.m.j.i.AbstractJavaProjectConfigurator - Adding source folder /MyProject/src/main/java
2021-07-10 11:07:22,282 [Worker-7: Creating project "MyProject"] INFO  o.e.m.j.i.AbstractJavaProjectConfigurator - Adding resource folder /MyProject/src/main/resources
2021-07-10 11:07:22,284 [Worker-7: Creating project "MyProject"] INFO  o.e.m.j.i.AbstractJavaProjectConfigurator - Adding source folder /MyProject/src/test/java
2021-07-10 11:07:22,284 [Worker-7: Creating project "MyProject"] INFO  o.e.m.j.i.AbstractJavaProjectConfigurator - Adding resource folder /MyProject/src/test/resources
2021-07-10 11:07:27,487 [Worker-14: Building] WARN  o.e.m.c.i.embedder.EclipseLogger - Using platform encoding (Cp1252 actually) to copy filtered resources, i.e. build is platform dependent!
2021-07-10 11:07:27,565 [Worker-14: Building] INFO  o.e.m.c.i.embedder.EclipseLogger - Copying 0 resource
2021-07-10 11:07:27,572 [Worker-14: Building] WARN  o.e.m.c.i.embedder.EclipseLogger - Using platform encoding (Cp1252 actually) to copy filtered resources, i.e. build is platform dependent!
2021-07-10 11:07:27,575 [Worker-14: Building] INFO  o.e.m.c.i.embedder.EclipseLogger - Copying 0 resource
2021-07-10 11:08:12,248 [Worker-2: Building] INFO  o.e.m.c.i.l.LifecycleMappingFactory - Using org.eclipse.m2e.jdt.JarLifecycleMapping lifecycle mapping for MavenProject: com.testing:MyProject:0.0.1-SNAPSHOT @ C:\Users\Bhargava G\Desktop\TestNG\MyProject\pom.xml.
2021-07-10 11:08:13,017 [Worker-2: Building] WARN  o.e.m.c.i.embedder.EclipseLogger - Using platform encoding (Cp1252 actually) to copy filtered resources, i.e. build is platform dependent!
2021-07-10 11:08:13,038 [Worker-2: Building] INFO  o.e.m.c.i.embedder.EclipseLogger - Copying 0 resource
2021-07-10 11:08:13,049 [Worker-2: Building] WARN  o.e.m.c.i.embedder.EclipseLogger - Using platform encoding (Cp1252 actually) to copy filtered resources, i.e. build is platform dependent!
2021-07-10 11:08:13,055 [Worker-2: Building] INFO  o.e.m.c.i.embedder.EclipseLogger - Copying 0 resource
2021-07-10 11:09:38,758 [Worker-13: Building] INFO  o.e.m.c.i.l.LifecycleMappingFactory - Using org.eclipse.m2e.jdt.JarLifecycleMapping lifecycle mapping for MavenProject: com.testing:MyProject:0.0.1-SNAPSHOT @ C:\Users\Bhargava G\Desktop\TestNG\MyProject\pom.xml.
2021-07-10 11:09:43,610 [Worker-13: Building] WARN  o.e.m.c.i.embedder.EclipseLogger - Using platform encoding (Cp1252 actually) to copy filtered resources, i.e. build is platform dependent!
2021-07-10 11:09:43,615 [Worker-13: Building] INFO  o.e.m.c.i.embedder.EclipseLogger - Copying 0 resource
2021-07-10 11:09:43,622 [Worker-13: Building] WARN  o.e.m.c.i.embedder.EclipseLogger - Using platform encoding (Cp1252 actually) to copy filtered resources, i.e. build is platform dependent!
2021-07-10 11:09:43,631 [Worker-13: Building] INFO  o.e.m.c.i.embedder.EclipseLogger - Copying 0 resource
2021-07-10 11:09:50,299 [Worker-13: Building] INFO  o.e.m.c.i.l.LifecycleMappingFactory - Using org.eclipse.m2e.jdt.JarLifecycleMapping lifecycle mapping for MavenProject: com.testing:MyProject:0.0.1-SNAPSHOT @ C:\Users\Bhargava G\Desktop\TestNG\MyProject\pom.xml.
2021-07-10 11:09:50,889 [Worker-13: Building] WARN  o.e.m.c.i.embedder.EclipseLogger - Using platform encoding (Cp1252 actually) to copy filtered resources, i.e. build is platform dependent!
2021-07-10 11:09:50,893 [Worker-13: Building] INFO  o.e.m.c.i.embedder.EclipseLogger - Copying 0 resource
2021-07-10 11:09:50,897 [Worker-13: Building] WARN  o.e.m.c.i.embedder.EclipseLogger - Using platform encoding (Cp1252 actually) to copy filtered resources, i.e. build is platform dependent!
2021-07-10 11:09:50,899 [Worker-13: Building] INFO  o.e.m.c.i.embedder.EclipseLogger - Copying 0 resource
2021-07-10 11:09:52,568 [Worker-13: Building] INFO  o.e.m.c.i.l.LifecycleMappingFactory - Using org.eclipse.m2e.jdt.JarLifecycleMapping lifecycle mapping for MavenProject: com.testing:MyProject:0.0.1-SNAPSHOT @ C:\Users\Bhargava G\Desktop\TestNG\MyProject\pom.xml.
2021-07-10 11:09:53,019 [Worker-13: Building] WARN  o.e.m.c.i.embedder.EclipseLogger - Using platform encoding (Cp1252 actually) to copy filtered resources, i.e. build is platform dependent!
2021-07-10 11:09:53,051 [Worker-13: Building] INFO  o.e.m.c.i.embedder.EclipseLogger - Copying 0 resource
2021-07-10 11:09:53,056 [Worker-13: Building] WARN  o.e.m.c.i.embedder.EclipseLogger - Using platform encoding (Cp1252 actually) to copy filtered resources, i.e. build is platform dependent!
2021-07-10 11:09:53,058 [Worker-13: Building] INFO  o.e.m.c.i.embedder.EclipseLogger - Copying 0 resource
2021-07-10 11:09:55,632 [Worker-2: Building] INFO  o.e.m.c.i.l.LifecycleMappingFactory - Using org.eclipse.m2e.jdt.JarLifecycleMapping lifecycle mapping for MavenProject: com.testing:MyProject:0.0.1-SNAPSHOT @ C:\Users\Bhargava G\Desktop\TestNG\MyProject\pom.xml.
2021-07-10 11:09:56,005 [Worker-2: Building] WARN  o.e.m.c.i.embedder.EclipseLogger - Using platform encoding (Cp1252 actually) to copy filtered resources, i.e. build is platform dependent!
2021-07-10 11:09:56,009 [Worker-2: Building] INFO  o.e.m.c.i.embedder.EclipseLogger - Copying 0 resource
2021-07-10 11:09:56,012 [Worker-2: Building] WARN  o.e.m.c.i.embedder.EclipseLogger - Using platform encoding (Cp1252 actually) to copy filtered resources, i.e. build is platform dependent!
2021-07-10 11:09:56,015 [Worker-2: Building] INFO  o.e.m.c.i.embedder.EclipseLogger - Copying 0 resource
2021-07-10 16:34:07,082 [Worker-2: Loading available Gradle versions] INFO  o.e.b.c.i.u.g.PublishedGradleVersions - Gradle version information cache is up-to-date. Trying to read.
2021-07-10 16:44:05,425 [Worker-17: Remove Repositories] WARN  org.eclipse.jgit.lib.Repository - close() called when useCnt is already zero for Repository[C:\Users\Bhargava G\Desktop\Cucumber\.git\SeleniumTestNG1\.git]
2021-07-10 16:44:09,375 [Worker-19: Git Repository Change Scanner] WARN  org.eclipse.jgit.lib.Repository - close() called when useCnt is already zero for Repository[C:\Users\Bhargava G\git\SeleniumTestNG\.git]
2021-07-10 16:44:50,355 [Worker-20: Cloning from https://github.com/bhargava7039/SeleniumTestNG.git] WARN  org.eclipse.jgit.lib.Repository - close() called when useCnt is already zero for Repository[C:\Users\Bhargava G\Desktop\Cucumber\.git\SeleniumTestNG1\SeleniumTestNG\.git]
2021-07-10 16:46:49,427 [Worker-15: Close Project] WARN  org.eclipse.jgit.lib.Repository - close() called when useCnt is already zero for Repository[C:\Users\Bhargava G\Desktop\TestNG\SeleniumTestNG\.git]
2021-07-10 16:47:11,991 [Worker-19: Building] INFO  o.e.m.c.i.l.LifecycleMappingFactory - Using org.eclipse.m2e.jdt.JarLifecycleMapping lifecycle mapping for MavenProject: com.testing:MyProject:0.0.1-SNAPSHOT @ C:\Users\Bhargava G\Desktop\TestNG\MyProject\pom.xml.
2021-07-10 16:47:15,728 [Worker-19: Building] WARN  o.e.m.c.i.embedder.EclipseLogger - Using platform encoding (Cp1252 actually) to copy filtered resources, i.e. build is platform dependent!
2021-07-10 16:47:15,763 [Worker-19: Building] INFO  o.e.m.c.i.embedder.EclipseLogger - Copying 0 resource
2021-07-10 16:47:16,264 [Worker-19: Building] WARN  o.e.m.c.i.embedder.EclipseLogger - Using platform encoding (Cp1252 actually) to copy filtered resources, i.e. build is platform dependent!
2021-07-10 16:47:16,269 [Worker-19: Building] INFO  o.e.m.c.i.embedder.EclipseLogger - Copying 0 resource
2021-07-10 16:47:16,278 [Worker-18: Updating Maven Dependencies] INFO  o.e.m.c.i.l.LifecycleMappingFactory - Using org.eclipse.m2e.jdt.JarLifecycleMapping lifecycle mapping for MavenProject: com.testing:MyProject:0.0.1-SNAPSHOT @ C:\Users\Bhargava G\Desktop\TestNG\MyProject\pom.xml.
2021-07-10 16:47:17,589 [Worker-19: Building] WARN  o.e.m.c.i.embedder.EclipseLogger - Using platform encoding (Cp1252 actually) to copy filtered resources, i.e. build is platform dependent!
2021-07-10 16:47:17,594 [Worker-19: Building] INFO  o.e.m.c.i.embedder.EclipseLogger - Copying 0 resource
2021-07-10 16:47:17,597 [Worker-19: Building] WARN  o.e.m.c.i.embedder.EclipseLogger - Using platform encoding (Cp1252 actually) to copy filtered resources, i.e. build is platform dependent!
2021-07-10 16:47:17,601 [Worker-19: Building] INFO  o.e.m.c.i.embedder.EclipseLogger - Copying 0 resource
2021-07-10 16:48:30,788 [Worker-17: Building] WARN  o.e.m.c.i.embedder.EclipseLogger - Using platform encoding (Cp1252 actually) to copy filtered resources, i.e. build is platform dependent!
2021-07-10 16:48:30,791 [Worker-17: Building] INFO  o.e.m.c.i.embedder.EclipseLogger - Copying 0 resource
2021-07-10 16:48:30,795 [Worker-17: Building] WARN  o.e.m.c.i.embedder.EclipseLogger - Using platform encoding (Cp1252 actually) to copy filtered resources, i.e. build is platform dependent!
2021-07-10 16:48:30,797 [Worker-17: Building] INFO  o.e.m.c.i.embedder.EclipseLogger - Copying 0 resource
2021-07-10 16:53:31,977 [Worker-25: Remove Repositories] WARN  org.eclipse.jgit.lib.Repository - close() called when useCnt is already zero for Repository[C:\Users\Bhargava G\git\repository\.git]
2021-07-10 16:53:31,991 [Worker-25: Remove Repositories] WARN  org.eclipse.jgit.lib.Repository - close() called when useCnt is already zero for [RepositoryHandle:Repository[C:\Users\Bhargava G\git\SeleniumTestNG1\.git]]
2021-07-10 16:54:11,107 [Framework stop - Equinox Container: 8204f28b-f3e5-4b43-a58c-75deb6c2ef06] WARN  org.eclipse.jgit.lib.Repository - close() called when useCnt is already zero for Repository[C:\Users\Bhargava G\git\SeleniumTestNG1\.git]
2021-07-10 16:57:40,512 [Worker-0: Loading available Gradle versions] INFO  o.e.b.c.i.u.g.PublishedGradleVersions - Gradle version information cache is up-to-date. Trying to read.
